Determining if the pthread_create exist failed with the following output:
Change Dir: /home/mlovatonv/utec/ada/disk-based-btree-mlovatonv/build/CMakeFiles/CMakeTmp

Run Build Command(s):/usr/bin/make cmTC_b9e0c/fast 
/usr/bin/make -f CMakeFiles/cmTC_b9e0c.dir/build.make CMakeFiles/cmTC_b9e0c.dir/build
make[1]: Entering directory '/home/mlovatonv/utec/ada/disk-based-btree-mlovatonv/build/CMakeFiles/CMakeTmp'
Building C object CMakeFiles/cmTC_b9e0c.dir/CheckSymbolExists.c.o
/usr/bin/cc    -o CMakeFiles/cmTC_b9e0c.dir/CheckSymbolExists.c.o   -c /home/mlovatonv/utec/ada/disk-based-btree-mlovatonv/build/CMakeFiles/CMakeTmp/CheckSymbolExists.c
Linking C executable cmTC_b9e0c
/home/mlovatonv/miniconda3/bin/cmake -E cmake_link_script CMakeFiles/cmTC_b9e0c.dir/link.txt --verbose=1
/usr/bin/cc      CMakeFiles/cmTC_b9e0c.dir/CheckSymbolExists.c.o  -o cmTC_b9e0c 
CMakeFiles/cmTC_b9e0c.dir/CheckSymbolExists.c.o: In function `main':
CheckSymbolExists.c:(.text+0x1b): undefined reference to `pthread_create'
collect2: error: ld returned 1 exit status
CMakeFiles/cmTC_b9e0c.dir/build.make:86: recipe for target 'cmTC_b9e0c' failed
make[1]: *** [cmTC_b9e0c] Error 1
make[1]: Leaving directory '/home/mlovatonv/utec/ada/disk-based-btree-mlovatonv/build/CMakeFiles/CMakeTmp'
Makefile:121: recipe for target 'cmTC_b9e0c/fast' failed
make: *** [cmTC_b9e0c/fast] Error 2

File /home/mlovatonv/utec/ada/disk-based-btree-mlovatonv/build/CMakeFiles/CMakeTmp/CheckSymbolExists.c:
/* */
#include <pthread.h>

int main(int argc, char** argv)
{
  (void)argv;
#ifndef pthread_create
  return ((int*)(&pthread_create))[argc];
#else
  (void)argc;
  return 0;
#endif
}

Determining if the function pthread_create exists in the pthreads failed with the following output:
Change Dir: /home/mlovatonv/utec/ada/disk-based-btree-mlovatonv/build/CMakeFiles/CMakeTmp

Run Build Command(s):/usr/bin/make cmTC_1c9a9/fast 
/usr/bin/make -f CMakeFiles/cmTC_1c9a9.dir/build.make CMakeFiles/cmTC_1c9a9.dir/build
make[1]: Entering directory '/home/mlovatonv/utec/ada/disk-based-btree-mlovatonv/build/CMakeFiles/CMakeTmp'
Building C object CMakeFiles/cmTC_1c9a9.dir/CheckFunctionExists.c.o
/usr/bin/cc   -DCHECK_FUNCTION_EXISTS=pthread_create   -o CMakeFiles/cmTC_1c9a9.dir/CheckFunctionExists.c.o   -c /home/mlovatonv/miniconda3/share/cmake-3.14/Modules/CheckFunctionExists.c
Linking C executable cmTC_1c9a9
/home/mlovatonv/miniconda3/bin/cmake -E cmake_link_script CMakeFiles/cmTC_1c9a9.dir/link.txt --verbose=1
/usr/bin/cc  -DCHECK_FUNCTION_EXISTS=pthread_create    CMakeFiles/cmTC_1c9a9.dir/CheckFunctionExists.c.o  -o cmTC_1c9a9 -lpthreads 
/usr/bin/ld: cannot find -lpthreads
collect2: error: ld returned 1 exit status
CMakeFiles/cmTC_1c9a9.dir/build.make:86: recipe for target 'cmTC_1c9a9' failed
make[1]: *** [cmTC_1c9a9] Error 1
make[1]: Leaving directory '/home/mlovatonv/utec/ada/disk-based-btree-mlovatonv/build/CMakeFiles/CMakeTmp'
Makefile:121: recipe for target 'cmTC_1c9a9/fast' failed
make: *** [cmTC_1c9a9/fast] Error 2


